<?xml version="1.0" encoding="UTF-8"?>
<!-- Generated by org.testng.reporters.JUnitReportReporter -->
<testsuite skipped="0" hostname="krish" name="excel.readwrite" tests="1" failures="0" timestamp="2023-05-23T20:19:13 IST" time="0.624" errors="0">
  <testcase name="rw" time="0.624" classname="excel.readwrite"/>
  <system-out/>
</testsuite> <!-- excel.readwrite -->
