<?xml version="1.0" encoding="UTF-8"?>
<!-- Generated by org.testng.reporters.JUnitReportReporter -->
<testsuite skipped="0" hostname="krish" name="extentt.e1" tests="1" failures="0" timestamp="2023-05-29T20:29:05 IST" time="3.886" errors="0">
  <testcase name="extentReportsDemo" time="3.886" classname="extentt.e1"/>
  <system-out/>
</testsuite> <!-- extentt.e1 -->
